{
  "stats": {
    "suites": 2,
    "tests": 5,
    "passes": 5,
    "pending": 0,
    "failures": 0,
    "start": "2022-11-22T04:22:22.466Z",
    "end": "2022-11-22T04:22:22.476Z",
    "duration": 10,
    "testsRegistered": 5,
    "passPercent": 100,
    "pendingPercent": 0,
    "other": 0,
    "hasOther": false,
    "skipped": 0,
    "hasSkipped": false,
    "passPercentClass": "success",
    "pendingPercentClass": "danger"
  },
  "suites": {
    "uuid": "aaa5466b-3dda-4581-bd0d-c9077e321669",
    "title": "",
    "fullFile": "",
    "file": "",
    "beforeHooks": [],
    "afterHooks": [],
    "tests": [],
    "suites": [
      {
        "uuid": "b7e96ebe-b003-4aae-8045-6584d58a8ef9",
        "title": "Test that the data fetched from OpenWeatherMap is processed correctly",
        "fullFile": "/home/bonvahoang123/Documents/TestCICD/test/preparing-data-test.js",
        "file": "/test/preparing-data-test.js",
        "beforeHooks": [],
        "afterHooks": [],
        "tests": [
          {
            "title": "Should check fetched data is processed correctly",
            "fullTitle": "Test that the data fetched from OpenWeatherMap is processed correctly Should check fetched data is processed correctly",
            "timedOut": false,
            "duration": 1,
            "state": "passed",
            "speed": "fast",
            "pass": true,
            "fail": false,
            "pending": false,
            "code": "var callback = sinon.stub();\ncallback.withArgs(\"London\").returns(rawWeatherData);\n//TODO",
            "err": {},
            "isRoot": false,
            "uuid": "207df5e5-71be-4177-b99c-d10105966c1a",
            "isHook": false,
            "skipped": false
          }
        ],
        "suites": [],
        "passes": [
          "207df5e5-71be-4177-b99c-d10105966c1a"
        ],
        "failures": [],
        "pending": [],
        "skipped": [],
        "duration": 1,
        "root": false,
        "rootEmpty": false,
        "_timeout": 2000
      },
      {
        "uuid": "7625f0ec-9d4b-4f0b-9ad5-06b3277a50f2",
        "title": "Test the weather kit module's basic functionality",
        "fullFile": "/home/bonvahoang123/Documents/TestCICD/test/weather-kit-test.js",
        "file": "/test/weather-kit-test.js",
        "beforeHooks": [],
        "afterHooks": [],
        "tests": [
          {
            "title": "should return true for umbrella test if it is raining",
            "fullTitle": "Test the weather kit module's basic functionality should return true for umbrella test if it is raining",
            "timedOut": false,
            "duration": 1,
            "state": "passed",
            "speed": "fast",
            "pass": true,
            "fail": false,
            "pending": false,
            "code": "expect(helloWeather.doINeed.umbrella(monday)).to.be.a('boolean');\nexpect(helloWeather.doINeed.umbrella(tuesday)).equal(false);\nexpect(helloWeather.doINeed.umbrella(wednesday)).equal(false);\nexpect(helloWeather.doINeed.umbrella(friday)).equal(true);",
            "err": {},
            "isRoot": false,
            "uuid": "9d389c6e-a099-49da-8e7d-cff9627de1b2",
            "isHook": false,
            "skipped": false
          },
          {
            "title": "should return true if suncream is required",
            "fullTitle": "Test the weather kit module's basic functionality should return true if suncream is required",
            "timedOut": false,
            "duration": 0,
            "state": "passed",
            "speed": "fast",
            "pass": true,
            "fail": false,
            "pending": false,
            "code": "helloWeather.doINeed.suncream(monday).should.be.a('boolean');\nhelloWeather.doINeed.suncream(monday).should.equal(false);\nhelloWeather.doINeed.suncream(tuesday).should.equal(false);\nhelloWeather.doINeed.suncream(wednesday).should.equal(true);",
            "err": {},
            "isRoot": false,
            "uuid": "6ecdc698-82ae-4047-8737-cccdbfe784b0",
            "isHook": false,
            "skipped": false
          },
          {
            "title": "should return true if jumper is required",
            "fullTitle": "Test the weather kit module's basic functionality should return true if jumper is required",
            "timedOut": false,
            "duration": 0,
            "state": "passed",
            "speed": "fast",
            "pass": true,
            "fail": false,
            "pending": false,
            "code": "assert.typeOf(helloWeather.doINeed.jumper(monday), 'boolean');\nassert.typeOf(helloWeather.doINeed.jumper(tuesday), 'boolean', 'boolean returned');\nassert.equal(\n    helloWeather.doINeed.jumper(wednesday),\n    false,\n    'should return false, because it is very warm on wednesday'\n);\nassert.equal(helloWeather.doINeed.jumper(thuresday), true)",
            "err": {},
            "isRoot": false,
            "uuid": "b6403171-0144-4539-ad1f-77765b9ee181",
            "isHook": false,
            "skipped": false
          },
          {
            "title": "should always return true as water is always required",
            "fullTitle": "Test the weather kit module's basic functionality should always return true as water is always required",
            "timedOut": false,
            "duration": 0,
            "state": "passed",
            "speed": "fast",
            "pass": true,
            "fail": false,
            "pending": false,
            "code": "expect(helloWeather.doINeed.water(monday)).equal(true);",
            "err": {},
            "isRoot": false,
            "uuid": "f339067a-e749-40e8-af70-e07a27abff32",
            "isHook": false,
            "skipped": false
          }
        ],
        "suites": [],
        "passes": [
          "9d389c6e-a099-49da-8e7d-cff9627de1b2",
          "6ecdc698-82ae-4047-8737-cccdbfe784b0",
          "b6403171-0144-4539-ad1f-77765b9ee181",
          "f339067a-e749-40e8-af70-e07a27abff32"
        ],
        "failures": [],
        "pending": [],
        "skipped": [],
        "duration": 1,
        "root": false,
        "rootEmpty": false,
        "_timeout": 2000
      }
    ],
    "passes": [],
    "failures": [],
    "pending": [],
    "skipped": [],
    "duration": 0,
    "root": true,
    "rootEmpty": true,
    "_timeout": 2000
  },
  "copyrightYear": 2022
}