{
  "stats": {
    "suites": 2,
    "tests": 5,
    "passes": 5,
    "pending": 0,
    "failures": 0,
    "start": "2022-11-17T10:13:28.152Z",
    "end": "2022-11-17T10:13:28.160Z",
    "duration": 8,
    "testsRegistered": 5,
    "passPercent": 100,
    "pendingPercent": 0,
    "other": 0,
    "hasOther": false,
    "skipped": 0,
    "hasSkipped": false,
    "passPercentClass": "success",
    "pendingPercentClass": "danger"
  },
  "suites": {
    "uuid": "65fb4f3b-924c-422c-b5aa-41065baaa4bb",
    "title": "",
    "fullFile": "",
    "file": "",
    "beforeHooks": [],
    "afterHooks": [],
    "tests": [],
    "suites": [
      {
        "uuid": "e219d0a0-fb67-43d2-8225-d7ed98920c0f",
        "title": "Test that the data fetched from OpenWeatherMap is processed correctly",
        "fullFile": "/home/bonvahoang123/Documents/TestCICD/test/preparing-data-test.js",
        "file": "/test/preparing-data-test.js",
        "beforeHooks": [],
        "afterHooks": [],
        "tests": [
          {
            "title": "Should check fetched data is processed correctly",
            "fullTitle": "Test that the data fetched from OpenWeatherMap is processed correctly Should check fetched data is processed correctly",
            "timedOut": false,
            "duration": 1,
            "state": "passed",
            "speed": "fast",
            "pass": true,
            "fail": false,
            "pending": false,
            "code": "var callback = sinon.stub();\ncallback.withArgs(\"London\").returns(rawWeatherData);\n//TODO",
            "err": {},
            "isRoot": false,
            "uuid": "3a527ec1-418c-4119-aa67-bb23d087a31e",
            "isHook": false,
            "skipped": false
          }
        ],
        "suites": [],
        "passes": [
          "3a527ec1-418c-4119-aa67-bb23d087a31e"
        ],
        "failures": [],
        "pending": [],
        "skipped": [],
        "duration": 1,
        "root": false,
        "rootEmpty": false,
        "_timeout": 2000
      },
      {
        "uuid": "83e7e3f8-3585-4849-813f-c5e3f3c7638e",
        "title": "Test the weather kit module's basic functionality",
        "fullFile": "/home/bonvahoang123/Documents/TestCICD/test/weather-kit-test.js",
        "file": "/test/weather-kit-test.js",
        "beforeHooks": [],
        "afterHooks": [],
        "tests": [
          {
            "title": "should return true for umbrella test if it is raining",
            "fullTitle": "Test the weather kit module's basic functionality should return true for umbrella test if it is raining",
            "timedOut": false,
            "duration": 1,
            "state": "passed",
            "speed": "fast",
            "pass": true,
            "fail": false,
            "pending": false,
            "code": "expect(helloWeather.doINeed.umbrella(monday)).to.be.a('boolean');\nexpect(helloWeather.doINeed.umbrella(tuesday)).equal(false);\nexpect(helloWeather.doINeed.umbrella(wednesday)).equal(false);\nexpect(helloWeather.doINeed.umbrella(friday)).equal(true);",
            "err": {},
            "isRoot": false,
            "uuid": "028a3dd4-0c88-452b-ba3e-ffc9fe77db22",
            "isHook": false,
            "skipped": false
          },
          {
            "title": "should return true if suncream is required",
            "fullTitle": "Test the weather kit module's basic functionality should return true if suncream is required",
            "timedOut": false,
            "duration": 0,
            "state": "passed",
            "speed": "fast",
            "pass": true,
            "fail": false,
            "pending": false,
            "code": "helloWeather.doINeed.suncream(monday).should.be.a('boolean');\nhelloWeather.doINeed.suncream(monday).should.equal(false);\nhelloWeather.doINeed.suncream(tuesday).should.equal(false);\nhelloWeather.doINeed.suncream(wednesday).should.equal(true);",
            "err": {},
            "isRoot": false,
            "uuid": "fb4f3a67-6df1-469c-b4b8-dd61ce6bf872",
            "isHook": false,
            "skipped": false
          },
          {
            "title": "should return true if jumper is required",
            "fullTitle": "Test the weather kit module's basic functionality should return true if jumper is required",
            "timedOut": false,
            "duration": 1,
            "state": "passed",
            "speed": "fast",
            "pass": true,
            "fail": false,
            "pending": false,
            "code": "assert.typeOf(helloWeather.doINeed.jumper(monday), 'boolean');\nassert.typeOf(helloWeather.doINeed.jumper(tuesday), 'boolean', 'boolean returned');\nassert.equal(\n    helloWeather.doINeed.jumper(wednesday),\n    false,\n    'should return false, because it is very warm on wednesday'\n);\nassert.equal(helloWeather.doINeed.jumper(thuresday), true)",
            "err": {},
            "isRoot": false,
            "uuid": "b60ef4fe-5962-4c45-b6ab-dfdfd37b3449",
            "isHook": false,
            "skipped": false
          },
          {
            "title": "should always return true as water is always required",
            "fullTitle": "Test the weather kit module's basic functionality should always return true as water is always required",
            "timedOut": false,
            "duration": 0,
            "state": "passed",
            "speed": "fast",
            "pass": true,
            "fail": false,
            "pending": false,
            "code": "expect(helloWeather.doINeed.water(monday)).equal(true);",
            "err": {},
            "isRoot": false,
            "uuid": "d84633d8-02e2-4dfb-878c-da2f31d285e3",
            "isHook": false,
            "skipped": false
          }
        ],
        "suites": [],
        "passes": [
          "028a3dd4-0c88-452b-ba3e-ffc9fe77db22",
          "fb4f3a67-6df1-469c-b4b8-dd61ce6bf872",
          "b60ef4fe-5962-4c45-b6ab-dfdfd37b3449",
          "d84633d8-02e2-4dfb-878c-da2f31d285e3"
        ],
        "failures": [],
        "pending": [],
        "skipped": [],
        "duration": 2,
        "root": false,
        "rootEmpty": false,
        "_timeout": 2000
      }
    ],
    "passes": [],
    "failures": [],
    "pending": [],
    "skipped": [],
    "duration": 0,
    "root": true,
    "rootEmpty": true,
    "_timeout": 2000
  },
  "copyrightYear": 2022
}