TN:
SF:/home/bonvahoang123/Documents/cirleci-nodejs/fetch-weather.js
FN:7,fetchWeather
FN:15,(anonymous_1)
FN:22,processResults
FN:32,kelvinToCelcius
FN:36,getRainFall
FNF:5
FNH:0
FNDA:0,fetchWeather
FNDA:0,(anonymous_1)
FNDA:0,processResults
FNDA:0,kelvinToCelcius
FNDA:0,getRainFall
DA:5,1
DA:9,0
DA:10,0
DA:12,0
DA:16,0
DA:17,0
DA:23,0
DA:33,0
DA:37,0
DA:38,0
DA:41,1
LF:11
LH:2
BRDA:16,0,0,0
BRDA:16,0,1,0
BRDA:16,1,0,0
BRDA:16,1,1,0
BRDA:37,2,0,0
BRDA:37,2,1,0
BRDA:38,3,0,0
BRDA:38,3,1,0
BRDA:38,3,2,0
BRDA:38,3,3,0
BRF:10
BRH:0
end_of_record
TN:
SF:/home/bonvahoang123/Documents/cirleci-nodejs/prepared-for-the-weather.js
FN:23,averagteTemp
FN:35,(anonymous_1)
FN:44,(anonymous_2)
FN:55,(anonymous_3)
FN:64,(anonymous_4)
FNF:5
FNH:5
FNDA:4,averagteTemp
FNDA:4,(anonymous_1)
FNDA:4,(anonymous_2)
FNDA:4,(anonymous_3)
FNDA:1,(anonymous_4)
DA:24,4
DA:27,1
DA:36,4
DA:45,4
DA:46,4
DA:56,4
DA:65,1
LF:7
LH:7
BRDA:36,0,0,4
BRDA:36,0,1,4
BRDA:46,1,0,4
BRDA:46,1,1,2
BRF:4
BRH:4
end_of_record
TN:
SF:/home/bonvahoang123/Documents/cirleci-nodejs/test-data/sample-data.js
FNF:0
FNH:0
DA:1,1
LF:1
LH:1
BRF:0
BRH:0
end_of_record
